<?xml version="1.0" encoding="UTF-8"?>
<!-- Generated by org.testng.reporters.JUnitReportReporter -->
<testsuite hostname="DESKTOP-J6C4UT2" failures="0" tests="1" name="com.module.scripts.login.Login_Scripts" time="1.950" errors="0" timestamp="2024-04-11T10:25:17 IST" skipped="0">
  <testcase classname="com.module.scripts.login.Login_Scripts" name="LoginCredentials" time="1.950"/>
  <system-out/>
</testsuite> <!-- com.module.scripts.login.Login_Scripts -->
